Using pre-set license

 COMMAND LINE ARGUMENTS:
/Applications/Unity/Hub/Editor/2020.3.12f1/Unity.app/Contents/MacOS/Unity
-adb2
-batchMode
-noUpm
-name
AssetImportWorker0
-projectPath
/Users/lightgive/Documents/Github/UnityBarracuda-MiDaS
-logFile
Logs/AssetImportWorker0.log
-srvPort
59555
Successfully changed project path to: /Users/lightgive/Documents/Github/UnityBarracuda-MiDaS
/Users/lightgive/Documents/Github/UnityBarracuda-MiDaS
Using Asset Import Pipeline V2.
Refreshing native plugins compatible for Editor in 36.00 ms, found 2 plugins.
Preloading 0 native plugins for Editor in 0.00 ms.
Initialize engine version: 2020.3.12f1 (b3b2c6512326)
[Subsystems] Discovering subsystems at path /Applications/Unity/Hub/Editor/2020.3.12f1/Unity.app/Contents/Resources/UnitySubsystems
[Subsystems] Discovering subsystems at path /Users/lightgive/Documents/Github/UnityBarracuda-MiDaS/Assets
GfxDevice: creating device client; threaded=0
2021-07-19 23:39:56.673 Unity[4705:98642] Color LCD preferred device: Intel(R) Iris(TM) Plus Graphics 640 (low power)
2021-07-19 23:39:56.673 Unity[4705:98642] Metal devices available: 1
2021-07-19 23:39:56.673 Unity[4705:98642] 0: Intel(R) Iris(TM) Plus Graphics 640 (low power)
2021-07-19 23:39:56.674 Unity[4705:98642] Using device Intel(R) Iris(TM) Plus Graphics 640 (low power)
Initializing Metal device caps: Intel(R) Iris(TM) Plus Graphics 640
Initialize mono
Mono path[0] = '/Applications/Unity/Hub/Editor/2020.3.12f1/Unity.app/Contents/Managed'
Mono path[1] = '/Applications/Unity/Hub/Editor/2020.3.12f1/Unity.app/Contents/MonoBleedingEdge/lib/mono/unityjit'
Mono config path = '/Applications/Unity/Hub/Editor/2020.3.12f1/Unity.app/Contents/MonoBleedingEdge/etc'
Using monoOptions --debugger-agent=transport=dt_socket,embedding=1,server=y,suspend=n,address=127.0.0.1:56705
Begin MonoManager ReloadAssembly
Registering precompiled unity dll's ...
Register platform support module: /Applications/Unity/Hub/Editor/2020.3.12f1/PlaybackEngines/WebGLSupport/UnityEditor.WebGL.Extensions.dll
Register platform support module: /Applications/Unity/Hub/Editor/2020.3.12f1/Unity.app/Contents/PlaybackEngines/MacStandaloneSupport/UnityEditor.OSXStandalone.Extensions.dll
Registered in 0.005471 seconds.
Native extension for OSXStandalone target not found
Native extension for WebGL target not found
Refreshing native plugins compatible for Editor in 33.63 ms, found 2 plugins.
Preloading 0 native plugins for Editor in 0.00 ms.
Mono: successfully reloaded assembly
- Completed reload, in  4.180 seconds
Platform modules already initialized, skipping
Registering precompiled user dll's ...
Registered in 0.007196 seconds.
Begin MonoManager ReloadAssembly
Native extension for OSXStandalone target not found
Native extension for WebGL target not found
Refreshing native plugins compatible for Editor in 0.39 ms, found 2 plugins.
Preloading 0 native plugins for Editor in 0.00 ms.
Mono: successfully reloaded assembly
- Completed reload, in  1.504 seconds
Platform modules already initialized, skipping
========================================================================
Worker process is ready to serve import requests
Launching external process: /Applications/Unity/Hub/Editor/2020.3.12f1/Unity.app/Contents/Tools/UnityShaderCompiler
Launched and connected shader compiler UnityShaderCompiler after 0.02 seconds
Refreshing native plugins compatible for Editor in 0.36 ms, found 2 plugins.
Preloading 0 native plugins for Editor in 0.00 ms.
Unloading 1386 Unused Serialized files (Serialized files now loaded: 0)
System memory in use before: 139.0 MB.
System memory in use after: 139.0 MB.

Unloading 19 unused Assets to reduce memory usage. Loaded Objects now: 1819.
Total: 2.147325 ms (FindLiveObjects: 0.190807 ms CreateObjectMapping: 0.044723 ms MarkObjects: 1.776531 ms  DeleteObjects: 0.134281 ms)

AssetImportParameters requested are different than current active one (requested -> active):
  custom:video-decoder-ogg-theora: a1e56fd34408186e4bbccfd4996cb3dc -> 
  custom:container-muxer-webm: aa71ff27fc2769a1b78a27578f13a17b -> 
  custom:container-demuxer-webm: 4f35f7cbe854078d1ac9338744f61a02 -> 
  custom:container-demuxer-ogg: 62fdf1f143b41e24485cea50d1cbac27 -> 
  custom:video-encoder-webm-vp8: eb34c28f22e8b96e1ab97ce403110664 -> 
  custom:framework-osx-AVFoundation: e770b220cccbd017edd2c1fefb359320 -> 
  custom:video-decoder-webm-vp8: 9c59270c3fd7afecdb556c50c9e8de78 -> 
  custom:audio-decoder-ogg-vorbis: bf7c407c2cedff20999df2af8eb42d56 -> 
  custom:audio-encoder-webm-vorbis: bf7c407c2cedff20999df2af8eb42d56 -> 
========================================================================
Received Import Request.
  path: Assets
  artifactKey: Guid(00000000000000001000000000000000) Importer(815301076,1909f56bfc062723c751e8b465ee728b)
Start importing Assets using Guid(00000000000000001000000000000000) Importer(815301076,1909f56bfc062723c751e8b465ee728b)  -> (artifact id: '42d402b061de3733987d63b9cc3b64de') in 0.003499 seconds 
  Import took 0.007446 seconds .

========================================================================
Received Import Request.
  Time since last request: 31.947534 seconds.
  path: Assets/_Projects
  artifactKey: Guid(4291dd563308e4c5fa479bf86e4f53a6) Importer(815301076,1909f56bfc062723c751e8b465ee728b)
Start importing Assets/_Projects using Guid(4291dd563308e4c5fa479bf86e4f53a6) Importer(815301076,1909f56bfc062723c751e8b465ee728b)  -> (artifact id: 'a82ea3ae5105e59c6bd6fc32f9c74ec0') in 0.002803 seconds 
  Import took 0.010434 seconds .

========================================================================
Received Import Request.
  Time since last request: 0.852885 seconds.
  path: Assets/_Projects/model-small.onnx
  artifactKey: Guid(792576e0698a840f59c672deca1285c1) Importer(815301076,1909f56bfc062723c751e8b465ee728b)
Start importing Assets/_Projects/model-small.onnx using Guid(792576e0698a840f59c672deca1285c1) Importer(815301076,1909f56bfc062723c751e8b465ee728b)  -> (artifact id: 'aeccbf90517cac1b1ca1fb9e2ec3f7f1') in 0.974848 seconds 
  Import took 0.979182 seconds .

========================================================================
Received Import Request.
  Time since last request: 27.094652 seconds.
  path: Assets/_Projects/Sample.unity
  artifactKey: Guid(f43ebb4b8719046f5b373e5d1d89305a) Importer(815301076,1909f56bfc062723c751e8b465ee728b)
Start importing Assets/_Projects/Sample.unity using Guid(f43ebb4b8719046f5b373e5d1d89305a) Importer(815301076,1909f56bfc062723c751e8b465ee728b)  -> (artifact id: 'fcd3d38aaf004a0c6d0bb6432bec08c2') in 0.010003 seconds 
  Import took 0.015614 seconds .

========================================================================
Received Import Request.
  Time since last request: 4.080169 seconds.
  path: Assets/Scenes
  artifactKey: Guid(a73589381fbbc4372a841144508a51e6) Importer(815301076,1909f56bfc062723c751e8b465ee728b)
Start importing Assets/Scenes using Guid(a73589381fbbc4372a841144508a51e6) Importer(815301076,1909f56bfc062723c751e8b465ee728b)  -> (artifact id: '572e404ddb4565319f28fae3618dfb88') in 0.006867 seconds 
  Import took 0.011498 seconds .

